Checking for deprecated package usage... OK
Checking for remote package usage... OK
Checking for 'LazyData: true' usage... OK
Checking version number... OK
Checking version number validity... OK
Checking R version dependency... OK
Checking package size... OK
Checking individual file sizes... OK
Checking biocViews... OK
Checking that biocViews are present... OK
Checking package type based on biocViews... OK
Checking for non-trivial biocViews... OK
Checking that biocViews come from the same category... OK
Checking biocViews validity... OK
Checking for recommended biocViews...
Consider adding these automatically suggested biocViews: LongRead
Checking build system compatibility... OK
Checking for proper Description: field... OK
Checking if DESCRIPTION is well formatted... OK
Checking for whitespace in DESCRIPTION field names... OK
Checking that Package field matches directory/tarball name... OK
Checking for Version: field... OK
Checking for valid maintainer...
Consider adding the maintainer's ORCID iD in 'Authors@R' with 'comment=c(ORCID="...")'
Checking License: for restrictive use... OK
Checking for recommended DESCRIPTION fields...
Provide 'URL', 'BugReports' field(s) in DESCRIPTION
Checking for Bioconductor software dependencies... OK
Checking for pinned package versions in DESCRIPTION... OK
Checking .Rbuildignore... OK
Checking for stray BiocCheck output folders... OK
Checking for inst/doc folders... OK
Checking vignette directory... OK
Checking package installation calls in R code... OK
Checking for library/require of LRDE... OK
Checking coding practice...
 Avoid 1:...; use seq_len() or seq_along()
Found in files:
estimateDispersion.R (line 424, column 13)
hurdleNBTest.R (line 137, column 13)
hurdleNBTest.R (line 267, column 13)
 Avoid the use of 'paste' in condition signals
Found in files:
R/estimateSizeFactors.R (line 56, column 10)
Checking parsed R code in R directory, examples, vignettes...
Avoid '<<-' if possible (found 2 times)
<<- in R/hurdleNBTest.R (line 207, column 20)
<<- in R/hurdleNBTest.R (line 208, column 20)
Checking function lengths...
The recommended function length is 50 lines or less. There are 8 functions greater than 50 lines.
The longest 5 functions are:
priorEst() (R/estimateDispersion.R): 133 lines
hurdle_Wald_Test() (R/hurdleNBTest.R):  94 lines
hurdle_LRT() (R/hurdleNBTest.R):  88 lines
sizeFactorsEst() (R/estimateSizeFactors.R):  79 lines
nll_hurdle() (R/estimateDispersion.R):  76 lines
Checking man page documentation... OK
Checking package NEWS...
Consider adding a NEWS file, so your package news will be included in Bioconductor release announcements.
Checking unit tests...
Consider adding unit tests. We strongly encourage them. See
  https://contributions.bioconductor.org/tests.html
Checking skip_on_bioc() in tests... OK
Checking formatting of DESCRIPTION, NAMESPACE, man pages, R source, and vignette source...
Consider shorter lines; 72 lines (6%) are > 80 characters long.
First few lines:
R/estimateDispersion.R#L19 #' @param priors Optional numeric vector ...
R/estimateDispersion.R#L20 #'   for a normal prior on log(phi). Def ...
R/estimateDispersion.R#L64   phi           <- exp(params[5]) # phi  ...
R/estimateDispersion.R#L106 #' Internal function to group genes by s ...
R/estimateDispersion.R#L107 #' bin-wise estimation of prior paramete ...
R/estimateDispersion.R#L118 #' a hurdle negative binomial model is f ...
R/estimateDispersion.R#L204     pA_init <- max(0.01, min(0.99, mean( ...
R/estimateDispersion.R#L205     pB_init <- max(0.01, min(0.99, mean( ...
R/estimateDispersion.R#L275 #' binomial model where the zero (dropou ...
R/estimateDispersion.R#L288 #' @param offset Optional numeric vector ...
R/estimateDispersion.R#L299 #' zero probabilities are fixed based on ...
R/estimateDispersion.R#L309 nll_hurdle_fixed_P <- function(params, c ...
R/estimateDispersion.R#L395 #'   \item Retrieves bin-level prior est ...
R/estimateDispersion.R#L399 #'   \item Uses the internal function \c ...
R/estimateDispersion.R#L438     mean_A <- if(length(data_A_pos) > 0) ...
R/estimateDispersion.R#L439     mean_B <- if(length(data_B_pos) > 0) ...
R/estimateDispersion.R#L458         # Full vector: [logit_theta_A, l ...
R/estimateSizeFactors.R#L5 #' Converts various supported input type ...
R/estimateSizeFactors.R#L9 #' @param data A numeric matrix, data.fr ...
R/estimateSizeFactors.R#L10 #' @param group A vector of group labels ...
R/estimateSizeFactors.R#L15 #'   \item{samples}{A data.frame contain ...
R/estimateSizeFactors.R#L33 #' # se <- SummarizedExperiment::Summari ...
R/estimateSizeFactors.R#L42   } else if (inherits(data, "DESeqDataSe ...
R/estimateSizeFactors.R#L46         "Package 'SummarizedExperiment'  ...
R/estimateSizeFactors.R#L106 #' @param y A count matrix (`matrix` or  ...
R/estimateSizeFactors.R#L107 #'   If a matrix/data.frame is provided, ...
R/estimateSizeFactors.R#L108 #' @param type Character string specifyi ...
R/estimateSizeFactors.R#L114 #' @param locfunc Function to summarize  ...
R/estimateSizeFactors.R#L119 #'     \item{samples}{Data frame with sa ...
R/estimateSizeFactors.R#L127 #'   then calculates ratios for each sam ...
R/estimateSizeFactors.R#L128 #' * **ratio**: Uses the mean of log-cou ...
R/estimateSizeFactors.R#L149       stop("When 'y' is a matrix/data.fr ...
R/estimateSizeFactors.R#L158     stop("'y' must be either a matrix/da ...
R/estimateSizeFactors.R#L195     stop("every gene contains at least o ...
R/hurdleNBTest.R#L3 #' Negative Log-Likelihood for Hurdle NB ...
R/hurdleNBTest.R#L13 #'     \item{2}{If \code{one_group = FAL ...
R/hurdleNBTest.R#L17 #' @param offset Optional numeric vector ...
R/hurdleNBTest.R#L22 #' @param one_group Logical; if \code{TR ...
R/hurdleNBTest.R#L30 #'   \item Truncated negative binomial c ...
R/hurdleNBTest.R#L33 #' This function is used internally duri ...
R/hurdleNBTest.R#L97 #'     \item{counts}{Numeric matrix of g ...
R/hurdleNBTest.R#L98 #'     \item{samples}{Data frame with co ...
R/hurdleNBTest.R#L115 #'   \item When one group has all zero c ...
R/hurdleNBTest.R#L149     obs_mean <- mean(current_counts[curr ...
R/hurdleNBTest.R#L183         m_A <- mean(current_counts[group ...
R/hurdleNBTest.R#L184                       offsets[groups_fac ...
R/hurdleNBTest.R#L185         m_B <- mean(current_counts[group ...
R/hurdleNBTest.R#L186                       offsets[groups_fac ...
R/hurdleNBTest.R#L221 #' negative binomial model with fixed ze ...
R/hurdleNBTest.R#L225 #'     \item{counts}{Numeric matrix of g ...
R/hurdleNBTest.R#L226 #'     \item{samples}{Data frame with co ...
R/hurdleNBTest.R#L242 #'   \item When one group has all zero c ...
R/hurdleNBTest.R#L243 #'   \item Otherwise, a standard two-sid ...
R/hurdleNBTest.R#L304         idx <- if (is_zero_A) 2 else 1   ...
vignettes/LRDE.Rmd#L27 `LRDE` implements a **Hurdle Negative Bi ...
vignettes/LRDE.Rmd#L29 This package is designed to address thes ...
vignettes/LRDE.Rmd#L33 The core contribution of `LRDE` is the i ...
vignettes/LRDE.Rmd#L37 For each gene \( g \) and sample \( i \) ...
vignettes/LRDE.Rmd#L40   A Bernoulli distribution models the pr ...
vignettes/LRDE.Rmd#L43   Conditional on being non-zero, counts  ...
vignettes/LRDE.Rmd#L45 This formulation explicitly separates bi ...
vignettes/LRDE.Rmd#L49 Long-read RNA-seq data are often noisy,  ...
vignettes/LRDE.Rmd#L57   - the zero-component probability (trea ...
vignettes/LRDE.Rmd#L60   Gene-specific (tag-wise) estimates are ...
vignettes/LRDE.Rmd#L64 `LRDE` provides two complementary approa ...
vignettes/LRDE.Rmd#L73 The main object returned by `LRDE` is a  ...
vignettes/LRDE.Rmd#L85 `LRDE` also supports input from `Summari ...
vignettes/LRDE.Rmd#L89 This section demonstrates a minimal end- ...
vignettes/LRDE.Rmd#L128 `LRDE` returns gene-level statistics for ...
vignettes/LRDE.Rmd#L130 Genes with small p-values provide eviden ...
vignettes/LRDE.Rmd#L134 Since thousands of genes are typically t ...
vignettes/LRDE.Rmd#L141 Genes with adjusted p-values below a cho ...
Consider multiples of 4 spaces for line indents; 361 lines (30%) are not.
First few lines:
R/estimateDispersion.R#L27   eps <- 1e-12 ...
R/estimateDispersion.R#L29   # --- 0. input checks --- ...
R/estimateDispersion.R#L30   if (length(params) != 5) { ...
R/estimateDispersion.R#L32   } ...
R/estimateDispersion.R#L34   groups <- as.factor(groups) ...
R/estimateDispersion.R#L35   if (length(groups) != length(counts))  ...
R/estimateDispersion.R#L37   } ...
R/estimateDispersion.R#L38   if (nlevels(groups) != 2) { ...
R/estimateDispersion.R#L40   } ...
R/estimateDispersion.R#L42   if (is.null(offset)) { ...
R/estimateDispersion.R#L44   } ...
R/estimateDispersion.R#L45   if (length(offset) != length(counts))  ...
R/estimateDispersion.R#L47   } ...
R/estimateDispersion.R#L49   if (!is.null(priors)) { ...
R/estimateDispersion.R#L51       stop("'priors' must be NULL or a v ...
R/estimateDispersion.R#L54       stop("prior sd must be positive.") ...
R/estimateDispersion.R#L56   } ...
R/estimateDispersion.R#L58   # --- 1. Unpack Parameters --- ...
R/estimateDispersion.R#L59   logit_theta_A <- params[1] ...
R/estimateDispersion.R#L60   logit_theta_B <- params[2] ...
R/estimateDispersion.R#L61   log_rate_A    <- params[3] ...
R/estimateDispersion.R#L62   delta_rate    <- params[4] ...
R/estimateDispersion.R#L63   log_rate_B    <- log_rate_A + delta_ra ...
R/estimateDispersion.R#L64   phi           <- exp(params[5]) # phi  ...
R/estimateDispersion.R#L66   theta_A <- plogis(logit_theta_A) ...
R/estimateDispersion.R#L67   theta_B <- plogis(logit_theta_B) ...
R/estimateDispersion.R#L69   # --- 2. Assign Parameters to Data Poi ...
R/estimateDispersion.R#L70   levs <- levels(groups) ...
R/estimateDispersion.R#L71   thetas <- ifelse(groups == levs[1], th ...
R/estimateDispersion.R#L72   thetas <- pmin(pmax(thetas, eps), 1 -  ...
R/estimateDispersion.R#L74   base_rates <- ifelse(groups == levs[1] ...
R/estimateDispersion.R#L75   mus <- base_rates * offset ...
R/estimateDispersion.R#L77   # --- 3. Likelihood Calculation --- ...
R/estimateDispersion.R#L78   is_zero <- counts == 0 ...
R/estimateDispersion.R#L80   # binary part ...
R/estimateDispersion.R#L81   ll_binary <- sum(log1p(-thetas[is_zero ...
R/estimateDispersion.R#L83   # truncated NB part ...
R/estimateDispersion.R#L84   pos_counts <- counts[!is_zero] ...
R/estimateDispersion.R#L85   pos_mus <- mus[!is_zero] ...
R/estimateDispersion.R#L86   ll_nb <- sum(dnbinom(pos_counts, mu =  ...
R/estimateDispersion.R#L87   prob_zero_nb <- dnbinom(0, mu = pos_mu ...
R/estimateDispersion.R#L88   prob_zero_nb <- pmin(pmax(prob_zero_nb ...
R/estimateDispersion.R#L89   trunc_adjustment <- -sum(log1p(-prob_z ...
R/estimateDispersion.R#L90   ll_count <- ll_nb + trunc_adjustment ...
R/estimateDispersion.R#L92   # prior part ...
R/estimateDispersion.R#L93   if (is.null(priors)) { ...
R/estimateDispersion.R#L95   } else{ ...
R/estimateDispersion.R#L97   } ...
R/estimateDispersion.R#L99   total_ll <- ll_binary + ll_count + pri ...
R/estimateDispersion.R#L100   return(-total_ll) ...
R/estimateDispersion.R#L138   counts <- y$counts ...
R/estimateDispersion.R#L139   offset <- y$samples$size.factor ...
R/estimateDispersion.R#L140   grp    <- as.factor(y$samples$group) ...
R/estimateDispersion.R#L142   # Helper function for inverse logit ...
R/estimateDispersion.R#L143   inv_logit <- function(x) 1 / (1 + exp( ...
R/estimateDispersion.R#L145   logmeans <- log(y$baseMean) ...
R/estimateDispersion.R#L146   finite   <- is.finite(logmeans) ...
R/estimateDispersion.R#L148   min_logmean <- min(logmeans[finite]) ...
R/estimateDispersion.R#L149   max_logmean <- max(logmeans[finite]) ...
R/estimateDispersion.R#L150   bin_width   <- 0.5 ...
R/estimateDispersion.R#L152   if (min_logmean < 0.5) { ...
R/estimateDispersion.R#L155       n_bins <- ceiling((max_logmean - f ...
R/estimateDispersion.R#L157   } else { ...
R/estimateDispersion.R#L160       n_bins <- ceiling((max_logmean - m ...
R/estimateDispersion.R#L162   } ...
R/estimateDispersion.R#L164   # Containers for bin-level estimates ...
R/estimateDispersion.R#L165   local_log_phi <- rep(NA_real_, n_bins) ...
R/estimateDispersion.R#L166   local_prob_A  <- rep(NA_real_, n_bins) ...
R/estimateDispersion.R#L167   local_prob_B  <- rep(NA_real_, n_bins) ...
R/estimateDispersion.R#L168   bin_lower     <- rep(NA_real_, n_bins) ...
R/estimateDispersion.R#L169   bin_upper     <- rep(NA_real_, n_bins) ...
R/estimateDispersion.R#L171   for (j in seq_len(n_bins)) { ...
R/estimateDispersion.R#L173       lower <- min_logmean ...
R/estimateDispersion.R#L174       upper <- first_upper ...
R/estimateDispersion.R#L176       lower <- first_upper + (j - 2) * b ...
R/estimateDispersion.R#L177       upper <- lower + bin_width ...
R/estimateDispersion.R#L179       lower <- min_logmean + (j - 1) * b ...
R/estimateDispersion.R#L180       upper <- lower + bin_width ...
R/estimateDispersion.R#L184       upper <- max_logmean + 1e-8 ...
R/estimateDispersion.R#L197       group = rep(grp, times = n_row), ...
R/estimateDispersion.R#L198       count = as.vector(t(genes)) ...
R/estimateDispersion.R#L217       qlogis(pA_init), ...
R/estimateDispersion.R#L218       qlogis(pB_init), ...
R/estimateDispersion.R#L219       log_rate_A_init, ...
R/estimateDispersion.R#L220       delta_rate_init,  # <-- instead of ...
R/estimateDispersion.R#L221       0                 # log(phi) init ...
R/estimateDispersion.R#L226       par    = init_params, ...
R/estimateDispersion.R#L227       fn     = nll_hurdle, ...
R/estimateDispersion.R#L228       counts = df_long$count, ...
R/estimateDispersion.R#L229       groups = df_long$group, ...
R/estimateDispersion.R#L230       method = "BFGS", ...
R/estimateDispersion.R#L231       priors = NULL, ...
R/estimateDispersion.R#L232       offset = offset_long ...
R/estimateDispersion.R#L239   } ...
R/estimateDispersion.R#L241   # Map genes to bins ...
R/estimateDispersion.R#L242   gene_bin <- rep(NA_integer_, length(lo ...
R/estimateDispersion.R#L243   for (j in seq_len(n_bins)) { ...
R/estimateDispersion.R#L246   } ...
R/estimateDispersion.R#L248   # Construct the probability matrix (n_ ...
R/estimateDispersion.R#L249   # Rows correspond to genes, Columns to ...
R/estimateDispersion.R#L250   prob_matrix <- matrix(NA_real_, nrow = ...
R/estimateDispersion.R#L251   colnames(prob_matrix) <- c("prob_A", " ...
R/estimateDispersion.R#L253   prob_matrix[, 1] <- local_prob_A[gene_ ...
R/estimateDispersion.R#L254   prob_matrix[, 2] <- local_prob_B[gene_ ...
R/estimateDispersion.R#L256   # Save to the object ...
R/estimateDispersion.R#L257   y$prob_matrix        <- prob_matrix ...
R/estimateDispersion.R#L258   y$prior_log_phi_gene <- local_log_phi[ ...
R/estimateDispersion.R#L260   y$prior_bins <- data.frame( ...
R/estimateDispersion.R#L266   ) ...
R/estimateDispersion.R#L268   return(y) ...
R/estimateDispersion.R#L310   eps <- 1e-12 ...
R/estimateDispersion.R#L312   # --- 0. Handle Offset --- ...
R/estimateDispersion.R#L313   if (is.null(offset)) { ...
R/estimateDispersion.R#L315   } ...
R/estimateDispersion.R#L317   # --- 1. Unpack Parameters --- ...
R/estimateDispersion.R#L318   logit_theta_A <- params[1] ...
R/estimateDispersion.R#L319   logit_theta_B <- params[2] ...
R/estimateDispersion.R#L320   log_rate_A    <- params[3] ...
R/estimateDispersion.R#L321   delta_rate    <- params[4] ...
R/estimateDispersion.R#L322   log_rate_B    <- log_rate_A + delta_ra ...
R/estimateDispersion.R#L323   # params[5] is log_phi. We exponentiat ...
R/estimateDispersion.R#L324   log_phi       <- params[5] ...
R/estimateDispersion.R#L325   phi           <- exp(log_phi) ...
R/estimateDispersion.R#L327   theta_A <- plogis(logit_theta_A) ...
R/estimateDispersion.R#L328   theta_B <- plogis(logit_theta_B) ...
R/estimateDispersion.R#L330   # --- 2. Assign Parameters to Data Poi ...
R/estimateDispersion.R#L331   levs <- levels(groups) ...
R/estimateDispersion.R#L332   thetas <- ifelse(groups == levs[1], th ...
R/estimateDispersion.R#L333   thetas <- pmin(pmax(thetas, eps), 1 -  ...
R/estimateDispersion.R#L335   base_rates <- ifelse(groups == levs[1] ...
R/estimateDispersion.R#L336   mus <- base_rates * offset ...
R/estimateDispersion.R#L338   # --- 3. Likelihood Calculation --- ...
R/estimateDispersion.R#L339   is_zero <- (counts == 0) ...
R/estimateDispersion.R#L341   # Binary part: Probability of being no ...
R/estimateDispersion.R#L342   # ll_binary <- sum(log(1 - thetas[is_z ...
R/estimateDispersion.R#L343   ll_binary <- sum(log1p(-thetas[is_zero ...
R/estimateDispersion.R#L345   # Truncated NB part ...
R/estimateDispersion.R#L346   pos_counts <- counts[!is_zero] ...
R/estimateDispersion.R#L347   pos_mus    <- mus[!is_zero] ...
R/estimateDispersion.R#L349   # Standard NB log-likelihood for posit ...
R/estimateDispersion.R#L350   ll_nb <- sum(dnbinom(pos_counts, mu =  ...
R/estimateDispersion.R#L352   # Truncation adjustment: log(1 - P(Y=0 ...
R/estimateDispersion.R#L353   prob_zero_nb <- dnbinom(0, mu = pos_mu ...
R/estimateDispersion.R#L355   # Numerical safety: ensure prob_zero_n ...
R/estimateDispersion.R#L356   prob_zero_nb <- pmin(pmax(prob_zero_nb ...
R/estimateDispersion.R#L357   trunc_adjustment <- -sum(log1p(-prob_z ...
R/estimateDispersion.R#L359   ll_count <- ll_nb + trunc_adjustment ...
R/estimateDispersion.R#L361   # --- 4. Prior part --- ...
R/estimateDispersion.R#L362   # Prior is typically applied to the lo ...
R/estimateDispersion.R#L363   if (is.null(priors)) { ...
R/estimateDispersion.R#L365   } else { ...
R/estimateDispersion.R#L369   } ...
R/estimateDispersion.R#L371   total_ll <- ll_binary + ll_count + pri ...
R/estimateDispersion.R#L373   return(-total_ll) ...
R/estimateDispersion.R#L418   # 1. Get the bin-based priors for each ...
R/estimateDispersion.R#L419   y2 <- priorEst(y) ...
R/estimateDispersion.R#L420   n_row <- nrow(y2$counts) ...
R/estimateDispersion.R#L422   tagwise.dispersions <- rep(NA_real_, n ...
R/estimateDispersion.R#L424   for (i in 1:n_row) { ...
R/estimateDispersion.R#L445       log_rate_A_init, ...
R/estimateDispersion.R#L446       delta_rate_init, ...
R/estimateDispersion.R#L447       0 ...
R/estimateDispersion.R#L455       par = init_params_reduced, ...
R/estimateDispersion.R#L456       fn = function(p) { ...
R/estimateDispersion.R#L460           qlogis(fixed_prob_A), ...
R/estimateDispersion.R#L461           qlogis(fixed_prob_B), ...
R/estimateDispersion.R#L462           p[1], # log_mu_A ...
R/estimateDispersion.R#L463           p[2], # log_mu_B ...
R/estimateDispersion.R#L464           p[3]  # log_phi ...
R/estimateDispersion.R#L467           full_params, ...
R/estimateDispersion.R#L468           counts = my_counts, ...
R/estimateDispersion.R#L469           groups = my_groups, ...
R/estimateDispersion.R#L470           priors = c(prior_mean_phi, 3), ...
R/estimateDispersion.R#L471           offset = y2$samples$size.facto ...
R/estimateDispersion.R#L473       }, ...
R/estimateDispersion.R#L474       method = "BFGS" ...
R/estimateDispersion.R#L478   } ...
R/estimateDispersion.R#L480   y$tagwise.disp <- tagwise.dispersions ...
R/estimateDispersion.R#L481   # Optionally keep the priors for refer ...
R/estimateDispersion.R#L482   # y$prob_matrix <- y2$prob_matrix ...
R/estimateDispersion.R#L483   y$zero_prob_matrix <- 1 - y2$prob_matr ...
R/estimateDispersion.R#L485   return(y) ...
R/estimateSizeFactors.R#L38   # 1. convert supported input types to  ...
R/estimateSizeFactors.R#L39   if (inherits(data, "DGEList")) { ...
R/estimateSizeFactors.R#L42   } else if (inherits(data, "DESeqDataSe ...
R/estimateSizeFactors.R#L45       stop( ...
R/estimateSizeFactors.R#L48       ) ...
R/estimateSizeFactors.R#L52   } else if (is.data.frame(data)) { ...
R/estimateSizeFactors.R#L55   } else if (!is.matrix(data)) { ...
R/estimateSizeFactors.R#L57       "'data' must be one of: matrix, da ...
R/estimateSizeFactors.R#L58       "DESeqDataSet, or SummarizedExperi ...
R/estimateSizeFactors.R#L60   } ...
R/estimateSizeFactors.R#L62   # 2. basic checks ...
R/estimateSizeFactors.R#L63   if (is.null(colnames(data))) { ...
R/estimateSizeFactors.R#L65   } ...
R/estimateSizeFactors.R#L67   if (!is.numeric(data)) { ...
R/estimateSizeFactors.R#L69   } ...
R/estimateSizeFactors.R#L71   if (length(group) != ncol(data)) { ...
R/estimateSizeFactors.R#L73   } ...
R/estimateSizeFactors.R#L75   if (any(is.na(data))) { ...
R/estimateSizeFactors.R#L77   } ...
R/estimateSizeFactors.R#L79   if (any(data < 0)) { ...
R/estimateSizeFactors.R#L81   } ...
R/estimateSizeFactors.R#L83   # optional: enforce integer counts for ...
R/estimateSizeFactors.R#L84   if (any(abs(data - round(data)) > 1e-8 ...
R/estimateSizeFactors.R#L86   } ...
R/estimateSizeFactors.R#L87   storage.mode(data) <- "integer" ...
R/estimateSizeFactors.R#L89   # 3. build samples exactly as before ...
R/estimateSizeFactors.R#L90   lib.size <- colSums(data) ...
R/estimateSizeFactors.R#L91   size.factor <- rep(1, ncol(data)) ...
R/estimateSizeFactors.R#L92   samples <- data.frame(group = as.facto ...
R/estimateSizeFactors.R#L95   rownames(samples) <- colnames(data) ...
R/estimateSizeFactors.R#L97   return(list(counts = data, samples = s ...
R/estimateSizeFactors.R#L144                            locfunc = sta ...
R/estimateSizeFactors.R#L145   type <- match.arg(type) ...
R/estimateSizeFactors.R#L147   if (is.data.frame(y) || is.matrix(y))  ...
R/estimateSizeFactors.R#L149       stop("When 'y' is a matrix/data.fr ...
R/estimateSizeFactors.R#L155   } ...
R/estimateSizeFactors.R#L157   if (!is.list(y) || is.null(y$counts) | ...
R/estimateSizeFactors.R#L159   } ...
R/estimateSizeFactors.R#L161   obs <- y$counts ...
R/estimateSizeFactors.R#L163   if (!is.matrix(obs)) { ...
R/estimateSizeFactors.R#L165   } ...
R/estimateSizeFactors.R#L167   if (any(is.na(obs))) { ...
R/estimateSizeFactors.R#L169   } ...
R/estimateSizeFactors.R#L171   if (any(obs < 0)) { ...
R/estimateSizeFactors.R#L173   } ...
R/estimateSizeFactors.R#L175   if (any(colSums(obs) == 0)) { ...
R/estimateSizeFactors.R#L177   } ...
R/estimateSizeFactors.R#L179   if (type == "poscounts") { ...
R/estimateSizeFactors.R#L181       if (all(x == 0)) { ...
R/estimateSizeFactors.R#L183       } else { ...
R/estimateSizeFactors.R#L185       } ...
R/estimateSizeFactors.R#L190   } else if (type == "ratio") { ...
R/estimateSizeFactors.R#L192   } ...
R/estimateSizeFactors.R#L194   if (all(is.infinite(loggeomeans))) { ...
R/estimateSizeFactors.R#L196   } ...
R/estimateSizeFactors.R#L198   sf <- apply(obs, 2, function(cnts) { ...
R/estimateSizeFactors.R#L201       NA_real_ ...
R/estimateSizeFactors.R#L203       exp(locfunc((log(cnts) - loggeomea ...
R/estimateSizeFactors.R#L205   }) ...
R/estimateSizeFactors.R#L207   if (any(is.na(sf)) || any(sf <= 0)) { ...
R/estimateSizeFactors.R#L209   } ...
R/estimateSizeFactors.R#L211   if (type == "poscounts") { ...
R/estimateSizeFactors.R#L213   } ...
R/estimateSizeFactors.R#L215   y$samples$size.factor <- sf ...
R/estimateSizeFactors.R#L217   norm_counts <- sweep(obs, 2, y$samples ...
R/estimateSizeFactors.R#L218   y$baseMean <- rowMeans(norm_counts) ...
R/estimateSizeFactors.R#L220   return(y) ...
R/hurdleNBTest.R#L39                                        f ...
R/hurdleNBTest.R#L40                                        f ...
R/hurdleNBTest.R#L41   eps <- 1e-12 ...
R/hurdleNBTest.R#L43   # --- 0. Setup --- ...
R/hurdleNBTest.R#L44   if (is.null(offset)) offset <- rep(1,  ...
R/hurdleNBTest.R#L45   levs <- levels(groups) ...
R/hurdleNBTest.R#L47   # --- 1. Map Parameters --- ...
R/hurdleNBTest.R#L48   # Only log_rates are in params now ...
R/hurdleNBTest.R#L49   if (one_group) { ...
R/hurdleNBTest.R#L53   } else { ...
R/hurdleNBTest.R#L58   } ...
R/hurdleNBTest.R#L60   # Map fixed thetas and rates to observ ...
R/hurdleNBTest.R#L61   is_grp_A <- (groups == levs[1]) ...
R/hurdleNBTest.R#L62   thetas <- ifelse(is_grp_A, fixed_theta ...
R/hurdleNBTest.R#L63   thetas <- pmin(pmax(thetas, eps), 1 -  ...
R/hurdleNBTest.R#L64   rates  <- ifelse(is_grp_A, exp(log_rat ...
R/hurdleNBTest.R#L65   mus    <- rates * offset ...
R/hurdleNBTest.R#L67   # --- 2. Likelihood Calculation --- ...
R/hurdleNBTest.R#L68   is_zero <- counts == 0 ...
R/hurdleNBTest.R#L70   # A. Binary Part (using fixed thetas) ...
R/hurdleNBTest.R#L71   ll_binary <- sum(log1p(-thetas[is_zero ...
R/hurdleNBTest.R#L73   # B. Truncated Negative Binomial Part ...
R/hurdleNBTest.R#L74   pos_counts <- counts[!is_zero] ...
R/hurdleNBTest.R#L75   pos_mus    <- mus[!is_zero] ...
R/hurdleNBTest.R#L77   # Standard NB log-likelihood ...
R/hurdleNBTest.R#L78   ll_nb <- sum(dnbinom(pos_counts, mu =  ...
R/hurdleNBTest.R#L80   # Truncation Adjustment: log(1 / (1 -  ...
R/hurdleNBTest.R#L81   prob_zero_nb     <- dnbinom(0, mu = po ...
R/hurdleNBTest.R#L82   prob_zero_nb     <- pmin(pmax(prob_zer ...
R/hurdleNBTest.R#L83   trunc_adjustment <- -sum(log1p(-prob_z ...
R/hurdleNBTest.R#L85   return(-(ll_binary + ll_nb + trunc_adj ...
R/hurdleNBTest.R#L129   n_row <- nrow(y$counts) ...
R/hurdleNBTest.R#L130   lrt_stats <- numeric(n_row) ...
R/hurdleNBTest.R#L131   p_values  <- numeric(n_row) ...
R/hurdleNBTest.R#L133   groups_factor <- factor(y$samples$grou ...
R/hurdleNBTest.R#L134   offsets       <- y$samples$size.factor ...
R/hurdleNBTest.R#L135   levs          <- levels(groups_factor) ...
R/hurdleNBTest.R#L137   for (i in 1:n_row) { ...
R/hurdleNBTest.R#L153       # --- Model 1: Null (1 Shared Mean ...
R/hurdleNBTest.R#L154       # We estimate 1 parameter: log_rat ...
R/hurdleNBTest.R#L155       null_model <- optim( ...
R/hurdleNBTest.R#L167       ) ...
R/hurdleNBTest.R#L169       if (all_zero_A || all_zero_B) { ...
R/hurdleNBTest.R#L181       } else { ...
R/hurdleNBTest.R#L184                       offsets[groups_fac ...
R/hurdleNBTest.R#L186                       offsets[groups_fac ...
R/hurdleNBTest.R#L189           par = c(log(m_A), log(m_B) - l ...
R/hurdleNBTest.R#L190           fn = nll_hurdle_fixed_theta_ph ...
R/hurdleNBTest.R#L191           counts = current_counts, ...
R/hurdleNBTest.R#L192           groups = groups_factor, ...
R/hurdleNBTest.R#L193           offset = offsets, ...
R/hurdleNBTest.R#L194           fixed_theta_A = f_theta_A, ...
R/hurdleNBTest.R#L195           fixed_theta_B = f_theta_B, ...
R/hurdleNBTest.R#L196           fixed_phi = current_phi, ...
R/hurdleNBTest.R#L197           one_group = FALSE, ...
R/hurdleNBTest.R#L198           method = "BFGS" ...
R/hurdleNBTest.R#L204       } ...
R/hurdleNBTest.R#L207       lrt_stats[i] <<- NA ...
R/hurdleNBTest.R#L208       p_values[i]  <<- NA ...
R/hurdleNBTest.R#L210   } ...
R/hurdleNBTest.R#L212   y$lrt_stats <- lrt_stats ...
R/hurdleNBTest.R#L213   y$p.values  <- p_values ...
R/hurdleNBTest.R#L214   return(y) ...
R/hurdleNBTest.R#L257   n_row <- nrow(y$counts) ...
R/hurdleNBTest.R#L259   # Initialize output vectors ...
R/hurdleNBTest.R#L260   wald_stats <- rep(NA, n_row) ...
R/hurdleNBTest.R#L261   p_values   <- rep(1, n_row) ...
R/hurdleNBTest.R#L263   groups_factor <- factor(y$samples$grou ...
R/hurdleNBTest.R#L264   offsets       <- y$samples$size.factor ...
R/hurdleNBTest.R#L265   levs          <- levels(groups_factor) ...
R/hurdleNBTest.R#L267   for (i in 1:n_row) { ...
R/hurdleNBTest.R#L279                   offsets[groups_factor  ...
R/hurdleNBTest.R#L281                   offsets[groups_factor  ...
R/hurdleNBTest.R#L284       fit <- optim( ...
R/hurdleNBTest.R#L296       ) ...
R/hurdleNBTest.R#L298       H <- fit$hessian ...
R/hurdleNBTest.R#L300       # Logic for One Group All Zeros ...
R/hurdleNBTest.R#L301       if (is_zero_A || is_zero_B) { ...
R/hurdleNBTest.R#L307           wald_stats[i] <- 0 ...
R/hurdleNBTest.R#L308           p_values[i]   <- 1 ...
R/hurdleNBTest.R#L310           se_beta <- sqrt(1 / H[idx, idx ...
R/hurdleNBTest.R#L312           # point estimate on log scale  ...
R/hurdleNBTest.R#L313           beta_hat <- if (is_zero_A) (fi ...
R/hurdleNBTest.R#L315           z_stat <- (beta_hat - 1) / se_ ...
R/hurdleNBTest.R#L316           wald_stats[i] <- z_stat ...
R/hurdleNBTest.R#L317           p_values[i]   <- pnorm(z_stat, ...
R/hurdleNBTest.R#L320       } else { ...
R/hurdleNBTest.R#L323           wald_stats[i] <- 0 ...
R/hurdleNBTest.R#L324           p_values[i]   <- 1 ...
R/hurdleNBTest.R#L326           vcov_mat <- solve(H) ...
R/hurdleNBTest.R#L327           delta_beta <- fit$par[2] ...
R/hurdleNBTest.R#L328           se_delta  <- sqrt(max(0, vcov_ ...
R/hurdleNBTest.R#L330           if (se_delta > 0) { ...
R/hurdleNBTest.R#L335           } else { ...
R/hurdleNBTest.R#L337           } ...
R/hurdleNBTest.R#L339       } ...
R/hurdleNBTest.R#L342       p_values[i] <- 1 ...
R/hurdleNBTest.R#L344   } ...
R/hurdleNBTest.R#L346   y$wald_stats <- wald_stats ...
R/hurdleNBTest.R#L347   y$p.values   <- p_values ...
R/hurdleNBTest.R#L348   return(y) ...
vignettes/LRDE.Rmd#L20   collapse = TRUE, ...
vignettes/LRDE.Rmd#L21   comment = "#>" ...
vignettes/LRDE.Rmd#L40   A Bernoulli distribution models the pr ...
vignettes/LRDE.Rmd#L43   Conditional on being non-zero, counts  ...
vignettes/LRDE.Rmd#L52   Genes are grouped into bins according  ...
vignettes/LRDE.Rmd#L55   Within each bin, empirical priors are  ...
vignettes/LRDE.Rmd#L56   - the dispersion parameter (\( \phi \) ...
vignettes/LRDE.Rmd#L57   - the zero-component probability (trea ...
vignettes/LRDE.Rmd#L60   Gene-specific (tag-wise) estimates are ...
vignettes/LRDE.Rmd#L67   Recommended for general hypothesis tes ...
vignettes/LRDE.Rmd#L70   A computationally efficient alternativ ...
Checking if package already exists in CRAN... OK
Checking for bioc-devel mailing list subscription...
Cannot determine whether maintainer is subscribed to the Bioc-Devel mailing list (requires admin credentials). Subscribe here: https://stat.ethz.ch/mailman/listinfo/bioc-devel
Checking for support site registration... OK
